<?xml version="1.0" encoding="UTF-8"?>
<testsuite xmlns:xsi="http://www.w3.org/2001/XMLSchema-instance" xsi:noNamespaceSchemaLocation="https://maven.apache.org/surefire/maven-surefire-plugin/xsd/surefire-test-report-3.0.xsd" version="3.0" name="cucumber.runners.TestRunner" time="221.251" tests="3" errors="0" skipped="0" failures="2">
  <properties>
[...]
</properties>
  <testcase name="Calculating car loan emi with various inputs" classname="Calculate Car Loan Emi" time="42.312">
    <failure type="java.lang.AssertionError"><![CDATA[java.lang.AssertionError
	at org.junit.Assert.fail(Assert.java:87)
	at org.junit.Assert.assertTrue(Assert.java:42)
	at org.junit.Assert.assertTrue(Assert.java:53)
	at cucumber.stepDefinitions.CalculateCarLoanEmiSteps.the_user_navigates_to_home_loan_calculator_page(CalculateCarLoanEmiSteps.java:112)
	at ✽.the user navigates to home_loan_calculator page(file:///C:/Users/shakt/Documents/Code/SeleniumGridHackathon/src/test/resources/features/car_emi_calculator.feature:29)
]]></failure>
    <system-out><![CDATA[
@smoke
Scenario Outline: Calculating car loan emi with various inputs &amp#27;[90m# src/test/resources/features/car_emi_calculator.feature:33&amp#27;[0m
  &amp#27;[32mGiven &amp#27;[0m&amp#27;[32mthe user is on the emi_calculator page using chrome&amp#27;[0m    &amp#27;[90m# cucumber.stepDefinitions.CalculateCarLoanEmiSteps.the_user_is_on_the_emi_calculator_page_using_chrome()&amp#27;[0m

    Embedding clickCarLoanTab_chrome.png [image/png 542897 bytes]

  &amp#27;[32mWhen &amp#27;[0m&amp#27;[32mthe user clicks on the car_loan tab&amp#27;[0m                     &amp#27;[90m# cucumber.stepDefinitions.CalculateCarLoanEmiSteps.the_user_clicks_on_the_car_loan_tab()&amp#27;[0m

    Embedding setCarLoanAmount_chrome.png [image/png 478063 bytes]

  &amp#27;[32mWhen &amp#27;[0m&amp#27;[32mthe user enters the car loan amount &amp#27;[0m&amp#27;[32m&amp#27;[1m1500000&amp#27;[0m             &amp#27;[90m# cucumber.stepDefinitions.CalculateCarLoanEmiSteps.the_user_enters_the_car_loan_amount(java.lang.Integer)&amp#27;[0m

    Embedding setCarLoanInterestRate_chrome.png [image/png 477919 bytes]

  &amp#27;[32mWhen &amp#27;[0m&amp#27;[32mthe user enters the car loan interest &amp#27;[0m&amp#27;[32m&amp#27;[1m9.5&amp#27;[0m               &amp#27;[90m# cucumber.stepDefinitions.CalculateCarLoanEmiSteps.the_user_enters_the_loan_interest(java.lang.Float)&amp#27;[0m

    Embedding setCarLoanTenure_chrome.png [image/png 680125 bytes]

  &amp#27;[32mWhen &amp#27;[0m&amp#27;[32mthe user enters the car loan tenure &amp#27;[0m&amp#27;[32m&amp#27;[1m1&amp#27;[0m&amp#27;[32m year&amp#27;[0m              &amp#27;[90m# cucumber.stepDefinitions.CalculateCarLoanEmiSteps.the_user_enters_the_loan_tenure_year(java.lang.Integer)&amp#27;[0m

    Embedding getEmiDetails_chrome.png [image/png 883714 bytes]


    Embedding getFirstMonthEmiDetails_chrome.png [image/png 523499 bytes]


  Car Loan EMI Details: 
  Monthly EMI Amount: 1,31,525
  Total Interest Amount: 78,303
  Total Principal Amount: 15,78,303
  First Month Interest Amount: ₹ 11,875
  First Month Principal Amount: ₹ 1,19,650

  Calculated Monthly EMI Amount: 131524
  Car Loan EMI Details Verified and Validated.

  &amp#27;[32mThen &amp#27;[0m&amp#27;[32mI verify and display the car emi details&amp#27;[0m                &amp#27;[90m# cucumber.stepDefinitions.CalculateCarLoanEmiSteps.I_verify_and_display_the_emi_details()&amp#27;[0m
  &amp#27;[31mAnd &amp#27;[0m&amp#27;[31mthe user navigates to home_loan_calculator page&amp#27;[0m          &amp#27;[90m# cucumber.stepDefinitions.CalculateCarLoanEmiSteps.the_user_navigates_to_home_loan_calculator_page()&amp#27;[0m
      &amp#27;[31mjava.lang.AssertionError
	at org.junit.Assert.fail(Assert.java:87)
	at org.junit.Assert.assertTrue(Assert.java:42)
	at org.junit.Assert.assertTrue(Assert.java:53)
	at cucumber.stepDefinitions.CalculateCarLoanEmiSteps.the_user_navigates_to_home_loan_calculator_page(CalculateCarLoanEmiSteps.java:112)
	at ✽.the user navigates to home_loan_calculator page(file:///C:/Users/shakt/Documents/Code/SeleniumGridHackathon/src/test/resources/features/car_emi_calculator.feature:29)
&amp#27;[0m
]]></system-out>
    <system-err><![CDATA[Aug 02, 2024 9:20:22 PM org.openqa.selenium.devtools.CdpVersionFinder findNearestMatch
WARNING: Unable to find an exact match for CDP version 127, returning the closest version; found: 125; Please update to a Selenium version that supports CDP version 127
]]></system-err>
  </testcase>
  <testcase name="Calculating detailed home loan information with various inputs" classname="Calculate Detailed Home Loan Information Annually" time="21.367">
    <failure type="java.lang.AssertionError"><![CDATA[java.lang.AssertionError
	at org.junit.Assert.fail(Assert.java:87)
	at org.junit.Assert.assertTrue(Assert.java:42)
	at org.junit.Assert.assertTrue(Assert.java:53)
	at cucumber.stepDefinitions.CalculateHomeLoanEmiSteps.the_user_navigates_to_loan_calculator_page(CalculateHomeLoanEmiSteps.java:88)
	at ✽.the user navigates to the loan_calculator page(file:///C:/Users/shakt/Documents/Code/SeleniumGridHackathon/src/test/resources/features/home_loan_calculator.feature:29)
]]></failure>
    <system-out><![CDATA[
@regression1 @regression
Scenario Outline: Calculating detailed home loan information with various inputs     &amp#27;[90m# src/test/resources/features/home_loan_calculator.feature:33&amp#27;[0m
  &amp#27;[32mGiven &amp#27;[0m&amp#27;[32mthe user is on the home_loan_calculator page using chrome&amp#27;[0m                    &amp#27;[90m# cucumber.stepDefinitions.CalculateHomeLoanEmiSteps.the_user_is_on_the_home_loan_calculator_page_using_chrome()&amp#27;[0m

    Embedding setHomeValue_chrome.png [image/png 758810 bytes]

  &amp#27;[32mWhen &amp#27;[0m&amp#27;[32mthe user enters the home value &amp#27;[0m&amp#27;[32m&amp#27;[1m15000000&amp#27;[0m                                       &amp#27;[90m# cucumber.stepDefinitions.CalculateHomeLoanEmiSteps.the_user_enters_the_home_value(java.lang.Integer)&amp#27;[0m

    Embedding setDownPaymentPercentage_chrome.png [image/png 605174 bytes]

  &amp#27;[32mWhen &amp#27;[0m&amp#27;[32mthe user enters the down payment &amp#27;[0m&amp#27;[32m&amp#27;[1m0&amp#27;[0m                                            &amp#27;[90m# cucumber.stepDefinitions.CalculateHomeLoanEmiSteps.the_user_enters_the_down_payment(java.lang.Float)&amp#27;[0m

    Embedding setHomeLoanInterestRate_chrome.png [image/png 605123 bytes]

  &amp#27;[32mWhen &amp#27;[0m&amp#27;[32mthe user enters the home loan interest &amp#27;[0m&amp#27;[32m&amp#27;[1m9&amp#27;[0m                                      &amp#27;[90m# cucumber.stepDefinitions.CalculateHomeLoanEmiSteps.the_user_enters_the_interest_rate(java.lang.Float)&amp#27;[0m

    Embedding setHomeLoanTenure_chrome.png [image/png 605106 bytes]

  &amp#27;[32mWhen &amp#27;[0m&amp#27;[32mthe user enters the home loan tenure &amp#27;[0m&amp#27;[32m&amp#27;[1m20&amp#27;[0m&amp#27;[32m year&amp#27;[0m                                  &amp#27;[90m# cucumber.stepDefinitions.CalculateHomeLoanEmiSteps.the_user_enters_the_loan_tenure_year(java.lang.Integer)&amp#27;[0m
  Yearly payment details excel file created.

    Embedding getYearOnYearTableData_chrome.png [image/png 760309 bytes]

  &amp#27;[32mThen &amp#27;[0m&amp#27;[32mI verify and store the generated year_on_year loan details in an excel format&amp#27;[0m &amp#27;[90m# cucumber.stepDefinitions.CalculateHomeLoanEmiSteps.I_store_the_generated_year_on_year_loan_details_in_an_excel_format()&amp#27;[0m
  &amp#27;[31mAnd &amp#27;[0m&amp#27;[31mthe user navigates to the loan_calculator page&amp#27;[0m                                 &amp#27;[90m# cucumber.stepDefinitions.CalculateHomeLoanEmiSteps.the_user_navigates_to_loan_calculator_page()&amp#27;[0m
      &amp#27;[31mjava.lang.AssertionError
	at org.junit.Assert.fail(Assert.java:87)
	at org.junit.Assert.assertTrue(Assert.java:42)
	at org.junit.Assert.assertTrue(Assert.java:53)
	at cucumber.stepDefinitions.CalculateHomeLoanEmiSteps.the_user_navigates_to_loan_calculator_page(CalculateHomeLoanEmiSteps.java:88)
	at ✽.the user navigates to the loan_calculator page(file:///C:/Users/shakt/Documents/Code/SeleniumGridHackathon/src/test/resources/features/home_loan_calculator.feature:29)
&amp#27;[0m
]]></system-out>
    <system-err><![CDATA[Aug 02, 2024 9:21:02 PM org.openqa.selenium.devtools.CdpVersionFinder findNearestMatch
WARNING: Unable to find an exact match for CDP version 127, returning the closest version; found: 125; Please update to a Selenium version that supports CDP version 127
ERROR StatusLogger Log4j2 could not find a logging implementation. Please add log4j-core to the classpath. Using SimpleLogger to log to the console...
]]></system-err>
  </testcase>
  <testcase name="Performing UI tests on various loan tools" classname="Calculate Loan Information" time="13.497">
    <system-out><![CDATA[
@regression2 @regression
Scenario Outline: Performing UI tests on various loan tools                  &amp#27;[90m# src/test/resources/features/loan_calculator.feature:56&amp#27;[0m
  &amp#27;[32mGiven &amp#27;[0m&amp#27;[32mthe user is on the loan_calculator page using chrome&amp#27;[0m                 &amp#27;[90m# cucumber.stepDefinitions.PerformUITestsOnLoanCalculatorSteps.the_user_is_on_the_loan_calculator_page_using_chrome()&amp#27;[0m

    Embedding clickEmiCalculatorTab_chrome.png [image/png 670250 bytes]

  &amp#27;[32mAnd &amp#27;[0m&amp#27;[32mthe user clicks on the emi_calculator tab&amp#27;[0m                              &amp#27;[90m# cucumber.stepDefinitions.PerformUITestsOnLoanCalculatorSteps.the_user_clicks_on_the_emi_calculator_tab()&amp#27;[0m

    Embedding setLoanAmountOnInput_chrome.png [image/png 407814 bytes]

  &amp#27;[32mWhen &amp#27;[0m&amp#27;[32mthe user on emi_calculator tab enters the loan amount &amp#27;[0m&amp#27;[32m&amp#27;[1m7000000&amp#27;[0m         &amp#27;[90m# cucumber.stepDefinitions.PerformUITestsOnLoanCalculatorSteps.the_user_on_emi_calculator_tab_enters_the_loan_amount(java.lang.Integer)&amp#27;[0m

    Embedding setLoanInterestOnInput_chrome.png [image/png 455686 bytes]

  &amp#27;[32mWhen &amp#27;[0m&amp#27;[32mthe user on emi_calculator tab enters the loan interest &amp#27;[0m&amp#27;[32m&amp#27;[1m12.5&amp#27;[0m          &amp#27;[90m# cucumber.stepDefinitions.PerformUITestsOnLoanCalculatorSteps.the_user_on_emi_calculator_tab_enters_the_loan_interest(java.lang.Float)&amp#27;[0m

    Embedding setLoanTenureOnInput_chrome.png [image/png 640067 bytes]

  &amp#27;[32mWhen &amp#27;[0m&amp#27;[32mthe user on emi_calculator tab enters the loan tenure &amp#27;[0m&amp#27;[32m&amp#27;[1m10&amp#27;[0m&amp#27;[32m year&amp#27;[0m         &amp#27;[90m# cucumber.stepDefinitions.PerformUITestsOnLoanCalculatorSteps.the_user_on_emi_calculator_tab_enters_the_loan_tenure_year(java.lang.Integer)&amp#27;[0m

    Embedding setLoanFeesOnInput_chrome.png [image/png 542499 bytes]

  &amp#27;[32mWhen &amp#27;[0m&amp#27;[32mthe user on emi_calculator tab enters the loan fees &amp#27;[0m&amp#27;[32m&amp#27;[1m0&amp#27;[0m                 &amp#27;[90m# cucumber.stepDefinitions.PerformUITestsOnLoanCalculatorSteps.the_user_on_emi_calculator_tab_enters_the_loan_fees(java.lang.Integer)&amp#27;[0m
  &amp#27;[32mThen &amp#27;[0m&amp#27;[32mI verify the loan amount ui on emi_calculator tab&amp#27;[0m                     &amp#27;[90m# cucumber.stepDefinitions.PerformUITestsOnLoanCalculatorSteps.I_verify_the_loan_amount_ui_on_emi_calculator_tab()&amp#27;[0m
  &amp#27;[32mThen &amp#27;[0m&amp#27;[32mI verify the loan interest ui on emi_calculator tab&amp#27;[0m                   &amp#27;[90m# cucumber.stepDefinitions.PerformUITestsOnLoanCalculatorSteps.I_verify_the_loan_interest_ui_on_emi_calculator_tab()&amp#27;[0m
  &amp#27;[32mThen &amp#27;[0m&amp#27;[32mI verify the loan tenure year ui on emi_calculator tab&amp#27;[0m                &amp#27;[90m# cucumber.stepDefinitions.PerformUITestsOnLoanCalculatorSteps.I_verify_the_year_loan_tenure_ui_on_emi_calculator_tab()&amp#27;[0m
  &amp#27;[32mThen &amp#27;[0m&amp#27;[32mI verify the loan fees ui on emi_calculator tab&amp#27;[0m                       &amp#27;[90m# cucumber.stepDefinitions.PerformUITestsOnLoanCalculatorSteps.I_verify_the_loan_fees_ui_on_emi_calculator_tab()&amp#27;[0m

    Embedding clickLoanAmountCalculatorTab_chrome.png [image/png 671189 bytes]

  &amp#27;[32mGiven &amp#27;[0m&amp#27;[32mthe user clicks on the loan_amount_calculator tab&amp#27;[0m                    &amp#27;[90m# cucumber.stepDefinitions.PerformUITestsOnLoanCalculatorSteps.the_user_clicks_on_the_loan_amount_calculator_tab()&amp#27;[0m

    Embedding setEmiOnInput_chrome.png [image/png 403382 bytes]

  &amp#27;[32mWhen &amp#27;[0m&amp#27;[32mthe user on loan_amount_calculator tab enters the emi amount &amp#27;[0m&amp#27;[32m&amp#27;[1m90000&amp#27;[0m    &amp#27;[90m# cucumber.stepDefinitions.PerformUITestsOnLoanCalculatorSteps.the_user_on_loan_amount_calculator_tab_enters_the_emi_amount(java.lang.Integer)&amp#27;[0m

    Embedding setLoanInterestOnInput_chrome.png [image/png 446389 bytes]

  &amp#27;[32mWhen &amp#27;[0m&amp#27;[32mthe user on loan_amount_calculator tab enters the loan interest &amp#27;[0m&amp#27;[32m&amp#27;[1m12.5&amp#27;[0m  &amp#27;[90m# cucumber.stepDefinitions.PerformUITestsOnLoanCalculatorSteps.the_user_on_loan_amount_calculator_tab_enters_the_loan_interest(java.lang.Float)&amp#27;[0m

    Embedding setLoanTenureOnInput_chrome.png [image/png 642202 bytes]

  &amp#27;[32mWhen &amp#27;[0m&amp#27;[32mthe user on loan_amount_calculator tab enters the loan tenure &amp#27;[0m&amp#27;[32m&amp#27;[1m10&amp#27;[0m&amp#27;[32m year&amp#27;[0m &amp#27;[90m# cucumber.stepDefinitions.PerformUITestsOnLoanCalculatorSteps.the_user_on_loan_amount_calculator_tab_enters_the_loan_tenure_year(java.lang.Integer)&amp#27;[0m

    Embedding setLoanFeesOnInput_chrome.png [image/png 423292 bytes]

  &amp#27;[32mWhen &amp#27;[0m&amp#27;[32mthe user on loan_amount_calculator tab enters the loan fees &amp#27;[0m&amp#27;[32m&amp#27;[1m0&amp#27;[0m         &amp#27;[90m# cucumber.stepDefinitions.PerformUITestsOnLoanCalculatorSteps.the_user_on_loan_amount_calculator_tab_enters_the_loan_fees(java.lang.Integer)&amp#27;[0m
  &amp#27;[32mThen &amp#27;[0m&amp#27;[32mI verify the loan emi ui on loan_amount_calculator tab&amp#27;[0m                &amp#27;[90m# cucumber.stepDefinitions.PerformUITestsOnLoanCalculatorSteps.I_verify_the_loan_emi_ui_on_loan_amount_calculator_tab()&amp#27;[0m
  &amp#27;[32mThen &amp#27;[0m&amp#27;[32mI verify the loan interest ui on loan_amount_calculator tab&amp#27;[0m           &amp#27;[90m# cucumber.stepDefinitions.PerformUITestsOnLoanCalculatorSteps.I_verify_the_loan_interest_ui_on_loan_amount_calculator_tab()&amp#27;[0m
  &amp#27;[32mThen &amp#27;[0m&amp#27;[32mI verify the loan tenure year ui on loan_amount_calculator tab&amp#27;[0m        &amp#27;[90m# cucumber.stepDefinitions.PerformUITestsOnLoanCalculatorSteps.I_verify_the_year_loan_tenure_ui_on_loan_amount_calculator_tab()&amp#27;[0m
  &amp#27;[32mThen &amp#27;[0m&amp#27;[32mI verify the loan fees ui on loan_amount_calculator tab&amp#27;[0m               &amp#27;[90m# cucumber.stepDefinitions.PerformUITestsOnLoanCalculatorSteps.I_verify_the_loan_fees_ui_on_loan_amount_calculator_tab()&amp#27;[0m

    Embedding clickLoanTenureCalculatorTab_chrome.png [image/png 410700 bytes]

  &amp#27;[32mGiven &amp#27;[0m&amp#27;[32mthe user clicks on the loan_tenure_calculator tab&amp#27;[0m                    &amp#27;[90m# cucumber.stepDefinitions.PerformUITestsOnLoanCalculatorSteps.the_user_clicks_on_the_loan_tenure_calculator_tab()&amp#27;[0m

    Embedding setLoanAmountOnInput_chrome.png [image/png 407993 bytes]

  &amp#27;[32mWhen &amp#27;[0m&amp#27;[32mthe user on loan_tenure_calculator tab enters the loan amount &amp#27;[0m&amp#27;[32m&amp#27;[1m7000000&amp#27;[0m &amp#27;[90m# cucumber.stepDefinitions.PerformUITestsOnLoanCalculatorSteps.the_user_on_loan_tenure_calculator_tab_enters_the_loan_amount(java.lang.Integer)&amp#27;[0m

    Embedding setEmiOnInput_chrome.png [image/png 354742 bytes]

  &amp#27;[32mWhen &amp#27;[0m&amp#27;[32mthe user on loan_tenure_calculator tab enters the emi amount &amp#27;[0m&amp#27;[32m&amp#27;[1m90000&amp#27;[0m    &amp#27;[90m# cucumber.stepDefinitions.PerformUITestsOnLoanCalculatorSteps.the_user_on_loan_tenure_calculator_tab_enters_the_emi_amount(java.lang.Integer)&amp#27;[0m

    Embedding setLoanInterestOnInput_chrome.png [image/png 470161 bytes]

  &amp#27;[32mWhen &amp#27;[0m&amp#27;[32mthe user on loan_tenure_calculator tab enters the loan interest &amp#27;[0m&amp#27;[32m&amp#27;[1m12.5&amp#27;[0m  &amp#27;[90m# cucumber.stepDefinitions.PerformUITestsOnLoanCalculatorSteps.the_user_on_loan_tenure_calculator_tab_enters_the_loan_interest(java.lang.Float)&amp#27;[0m

    Embedding setLoanFeesOnInput_chrome.png [image/png 278199 bytes]

  &amp#27;[32mWhen &amp#27;[0m&amp#27;[32mthe user on loan_tenure_calculator tab enters the loan fees &amp#27;[0m&amp#27;[32m&amp#27;[1m0&amp#27;[0m         &amp#27;[90m# cucumber.stepDefinitions.PerformUITestsOnLoanCalculatorSteps.the_user_on_loan_tenure_calculator_tab_enters_the_loan_fees(java.lang.Integer)&amp#27;[0m
  &amp#27;[32mThen &amp#27;[0m&amp#27;[32mI verify the loan amount ui on loan_tenure_calculator tab&amp#27;[0m             &amp#27;[90m# cucumber.stepDefinitions.PerformUITestsOnLoanCalculatorSteps.I_verify_the_loan_amount_ui_on_loan_tenure_calculator_tab()&amp#27;[0m
  &amp#27;[32mThen &amp#27;[0m&amp#27;[32mI verify the loan emi ui on loan_tenure_calculator tab&amp#27;[0m                &amp#27;[90m# cucumber.stepDefinitions.PerformUITestsOnLoanCalculatorSteps.I_verify_the_loan_emi_ui_on_loan_tenure_calculator_tab()&amp#27;[0m
  &amp#27;[32mThen &amp#27;[0m&amp#27;[32mI verify the loan interest ui on loan_tenure_calculator tab&amp#27;[0m           &amp#27;[90m# cucumber.stepDefinitions.PerformUITestsOnLoanCalculatorSteps.I_verify_the_loan_interest_ui_on_loan_tenure_calculator_tab()&amp#27;[0m
  &amp#27;[32mThen &amp#27;[0m&amp#27;[32mI verify the loan fees ui on loan_tenure_calculator tab&amp#27;[0m               &amp#27;[90m# cucumber.stepDefinitions.PerformUITestsOnLoanCalculatorSteps.I_verify_the_loan_fees_ui_on_loan_tenure_calculator_tab()&amp#27;[0m
]]></system-out>
    <system-err><![CDATA[Aug 02, 2024 9:21:23 PM org.openqa.selenium.devtools.CdpVersionFinder findNearestMatch
WARNING: Unable to find an exact match for CDP version 127, returning the closest version; found: 125; Please update to a Selenium version that supports CDP version 127
]]></system-err>
  </testcase>
</testsuite>